Free Pascal Compiler version 2.6.4 [2014/02/26] for i386
Copyright (c) 1993-2014 by Florian Klaempfl and others
Target OS: Darwin for i386
Compiling ./src/./Main.pas
Compiling ./src/Game.pas
Compiling ./src/State.pas
Compiling ./src/Game.pas
Compiling ./src/State.pas
Compiling ./src/State.pas
Compiling ./src/Title.pas
Compiling ./src/Game.pas
Game.pas(124,3) Note: Local variable "i" not used
Game.pas(124,6) Note: Local variable "j" not used
Assembling (pipe) ./tmp/mac/Debug/Game.s
Title.pas(59,20) Error: Identifier not found "titleTxt"
Title.pas(59,73) Error: Identifier not found "horizontalCenter"
Title.pas(59,85) Error: Identifier not found "titleWidth"
Title.pas(108) Fatal: There were 3 errors compiling module, stopping
Fatal: Compilation aborted
Error: /usr/local/bin/ppc386 returned an error exitcode (normal if you did not specify a source file to be compiled)
